1729587439: mosquitto version 2.0.19 starting
1729587439: Config loaded from /mosquitto/config/mosquitto.conf.
1729587439: Opening ipv4 listen socket on port 1883.
1729587439: Opening ipv6 listen socket on port 1883.
1729587439: mosquitto version 2.0.19 running
1729588723: mosquitto version 2.0.19 terminating
1729588723: Saving in-memory database to /mosquitto/data//mosquitto.db.
1729588734: mosquitto version 2.0.19 starting
1729588734: Config loaded from /mosquitto/config/mosquitto.conf.
1729588734: Opening ipv4 listen socket on port 1883.
1729588734: Opening ipv6 listen socket on port 1883.
1729588734: mosquitto version 2.0.19 running
1729588879: mosquitto version 2.0.19 terminating
1729588879: Saving in-memory database to /mosquitto/data//mosquitto.db.
1729588885: mosquitto version 2.0.19 starting
1729588885: Config loaded from /mosquitto/config/mosquitto.conf.
1729588885: Opening ipv4 listen socket on port 1883.
1729588885: Opening ipv6 listen socket on port 1883.
1729588885: mosquitto version 2.0.19 running
1729589339: mosquitto version 2.0.19 terminating
1729589339: Saving in-memory database to /mosquitto/data//mosquitto.db.
